2025-07-04 15:36:10:3610 [32minfo[39m: [32må·²è¨»å†Šè™•ç†å™¨ (topic: chat-messages)[39m
2025-07-04 15:36:10:3610 [32minfo[39m: [32mChatMessageJob å·²åˆå§‹åŒ–[39m
2025-07-04 15:36:10:3610 [32minfo[39m: [32mKafka æ¶ˆè²»è€…å·²é€£æ¥[39m
2025-07-04 15:36:11:3611 [32minfo[39m: [32må·²è¨‚é–±ä¸»é¡Œ: chat-messages[39m
2025-07-04 15:36:14:3614 [32minfo[39m: [32mChatMessageJob å·²å•Ÿå‹•ï¼Œæ­£åœ¨ç›£è½ä¸»é¡Œ: chat-messages[39m
2025-07-04 15:36:14:3614 [32minfo[39m: [32mèŠå¤©è¨Šæ¯è™•ç†æœå‹™å·²å•Ÿå‹•[39m
2025-07-04 16:07:56:756 [32minfo[39m: [32mè™•ç†è¨Šæ¯: {"topic":"chat-messages","value":{"roomId":"8975c2ba-33f2-4b4a-a581-2659acc4cf05","senderId":"2953e47b-b651-4395-89b0-ec5f4eef2c76","sort":1,"content":"fffffffffffffffffffffffff","timestamp":"2025-07-04T08:07:56.770Z","receivedAt":"2025-07-04T08:07:56.773Z"},"timestamp":"1751616476869","headers":{}}[39m
2025-07-04 16:07:57:757 [34mdebug[39m: [34m[API Request] POST /api/chat/messages[39m
2025-07-04 16:07:57:757 [31merror[39m: [31m[API Response Error][39m
2025-07-04 16:07:57:757 [31merror[39m: [31mè½‰ç™¼è¨Šæ¯åˆ°å¾Œç«¯æ™‚å‡ºéŒ¯: Request failed with status code 404[39m
2025-07-04 16:07:57:757 [31merror[39m: [31mè™•ç† Kafka è¨Šæ¯æ™‚å‡ºéŒ¯: Request failed with status code 404[39m
2025-07-04 16:07:57:757 [31merror[39m: [31mè™•ç†èŠå¤©è¨Šæ¯æ™‚å‡ºéŒ¯: Request failed with status code 404[39m
2025-07-04 16:07:57:757 [31merror[39m: [31mè™•ç†æ¶ˆæ¯æ™‚å‡ºéŒ¯ (topic: chat-messages, partition: 0): Request failed with status code 404[39m
2025-07-04 16:09:45:945 [32minfo[39m: [32må·²è¨»å†Šè™•ç†å™¨ (topic: chat-messages)[39m
2025-07-04 16:09:45:945 [32minfo[39m: [32mChatMessageJob å·²åˆå§‹åŒ–[39m
2025-07-04 16:09:45:945 [32minfo[39m: [32mKafka æ¶ˆè²»è€…å·²é€£æ¥[39m
2025-07-04 16:09:45:945 [32minfo[39m: [32må·²è¨‚é–±ä¸»é¡Œ: chat-messages[39m
2025-07-04 16:10:03:103 [32minfo[39m: [32mChatMessageJob å·²å•Ÿå‹•ï¼Œæ­£åœ¨ç›£è½ä¸»é¡Œ: chat-messages[39m
2025-07-04 16:10:03:103 [32minfo[39m: [32mèŠå¤©è¨Šæ¯è™•ç†æœå‹™å·²å•Ÿå‹•[39m
2025-07-04 16:10:03:103 [32minfo[39m: [32mè™•ç†è¨Šæ¯: {"topic":"chat-messages","value":{"roomId":"8975c2ba-33f2-4b4a-a581-2659acc4cf05","senderId":"2953e47b-b651-4395-89b0-ec5f4eef2c76","sort":1,"content":"sssssssssssssssssssssssssssssss","timestamp":"2025-07-04T08:09:51.618Z","receivedAt":"2025-07-04T08:09:51.634Z"},"timestamp":"1751616591634","headers":{}}[39m
2025-07-04 16:10:03:103 [34mdebug[39m: [34m[API Request] POST /api/chat/save_message[39m
2025-07-04 16:10:03:103 [31merror[39m: [31m[API Response Error][39m
2025-07-04 16:10:03:103 [31merror[39m: [31mè½‰ç™¼è¨Šæ¯åˆ°å¾Œç«¯æ™‚å‡ºéŒ¯: Request failed with status code 404[39m
2025-07-04 16:10:03:103 [31merror[39m: [31mè™•ç† Kafka è¨Šæ¯æ™‚å‡ºéŒ¯: Request failed with status code 404[39m
2025-07-04 16:10:03:103 [31merror[39m: [31mè™•ç†èŠå¤©è¨Šæ¯æ™‚å‡ºéŒ¯: Request failed with status code 404[39m
2025-07-04 16:10:03:103 [31merror[39m: [31mè™•ç†æ¶ˆæ¯æ™‚å‡ºéŒ¯ (topic: chat-messages, partition: 0): Request failed with status code 404[39m
2025-07-04 16:14:50:1450 [32minfo[39m: [32må·²è¨»å†Šè™•ç†å™¨ (topic: chat-messages)[39m
2025-07-04 16:14:50:1450 [32minfo[39m: [32mChatMessageJob å·²åˆå§‹åŒ–[39m
2025-07-04 16:14:50:1450 [32minfo[39m: [32mKafka æ¶ˆè²»è€…å·²é€£æ¥[39m
2025-07-04 16:14:50:1450 [32minfo[39m: [32må·²è¨‚é–±ä¸»é¡Œ: chat-messages[39m
2025-07-04 16:15:09:159 [32minfo[39m: [32mChatMessageJob å·²å•Ÿå‹•ï¼Œæ­£åœ¨ç›£è½ä¸»é¡Œ: chat-messages[39m
2025-07-04 16:15:09:159 [32minfo[39m: [32mèŠå¤©è¨Šæ¯è™•ç†æœå‹™å·²å•Ÿå‹•[39m
2025-07-04 16:20:08:208 [32minfo[39m: [32mè™•ç†è¨Šæ¯: {"topic":"chat-messages","value":{"roomId":"","senderId":"2953e47b-b651-4395-89b0-ec5f4eef2c76","sort":1,"content":"gggggggggggg","timestamp":"2025-07-04T08:20:08.381Z","receivedAt":"2025-07-04T08:20:08.387Z"},"timestamp":"1751617208411","headers":{}}[39m
2025-07-04 16:20:08:208 [34mdebug[39m: [34m[API Request] POST /api/chat/save_message[39m
2025-07-04 16:20:08:208 [34mdebug[39m: [34m[API Response] 200 /api/chat/save_message[39m
2025-07-04 16:20:08:208 [32minfo[39m: [32mæˆåŠŸè½‰ç™¼è¨Šæ¯åˆ°å¾Œç«¯: {"success":true,"statusCode":200,"message":"æˆåŠŸ","timestamp":"2025-07-04T08:20:08.497Z"}[39m
2025-07-04 16:20:08:208 [32minfo[39m: [32mèŠå¤©è¨Šæ¯è™•ç†å®Œæˆ (offset: 4)[39m
2025-07-04 16:21:02:212 [32minfo[39m: [32mè™•ç†è¨Šæ¯: {"topic":"chat-messages","value":{"roomId":"8975c2ba-33f2-4b4a-a581-2659acc4cf05","senderId":"2953e47b-b651-4395-89b0-ec5f4eef2c76","sort":1,"content":"ffffffffffffffffffff","timestamp":"2025-07-04T08:21:02.636Z","receivedAt":"2025-07-04T08:21:02.637Z"},"timestamp":"1751617262637","headers":{}}[39m
2025-07-04 16:21:02:212 [34mdebug[39m: [34m[API Request] POST /api/chat/save_message[39m
2025-07-04 16:21:02:212 [34mdebug[39m: [34m[API Response] 200 /api/chat/save_message[39m
2025-07-04 16:21:02:212 [32minfo[39m: [32mæˆåŠŸè½‰ç™¼è¨Šæ¯åˆ°å¾Œç«¯: {"success":true,"statusCode":200,"message":"æˆåŠŸ","timestamp":"2025-07-04T08:21:02.663Z"}[39m
2025-07-04 16:21:02:212 [32minfo[39m: [32mèŠå¤©è¨Šæ¯è™•ç†å®Œæˆ (offset: 5)[39m
2025-07-04 16:30:39:3039 [32minfo[39m: [32mè™•ç†è¨Šæ¯: {"topic":"chat-messages","value":{"roomId":"8975c2ba-33f2-4b4a-a581-2659acc4cf05","senderId":"2953e47b-b651-4395-89b0-ec5f4eef2c76","sort":1,"content":"gggggggggggggggggggggggg","timestamp":"2025-07-04T08:30:39.775Z","receivedAt":"2025-07-04T08:30:39.779Z"},"timestamp":"1751617839782","headers":{}}[39m
2025-07-04 16:30:39:3039 [34mdebug[39m: [34m[API Request] POST /api/chat/save_message[39m
2025-07-04 16:30:39:3039 [31merror[39m: [31m[API Response Error][39m
2025-07-04 16:30:39:3039 [31merror[39m: [31mè½‰ç™¼è¨Šæ¯åˆ°å¾Œç«¯æ™‚å‡ºéŒ¯: Request failed with status code 500[39m
2025-07-04 16:30:39:3039 [31merror[39m: [31mè™•ç† Kafka è¨Šæ¯æ™‚å‡ºéŒ¯: Request failed with status code 500[39m
2025-07-04 16:30:40:3040 [31merror[39m: [31mè™•ç†èŠå¤©è¨Šæ¯æ™‚å‡ºéŒ¯: Request failed with status code 500[39m
2025-07-04 16:30:40:3040 [31merror[39m: [31mè™•ç†æ¶ˆæ¯æ™‚å‡ºéŒ¯ (topic: chat-messages, partition: 0): Request failed with status code 500[39m
2025-07-04 16:32:19:3219 [32minfo[39m: [32mè™•ç†è¨Šæ¯: {"topic":"chat-messages","value":{"roomId":"8975c2ba-33f2-4b4a-a581-2659acc4cf05","senderId":"2953e47b-b651-4395-89b0-ec5f4eef2c76","sort":2,"content":"jjjjjjjjjjjjjjjjjjjjjjjjjjj","timestamp":"2025-07-04T08:32:19.475Z","receivedAt":"2025-07-04T08:32:19.484Z"},"timestamp":"1751617939485","headers":{}}[39m
2025-07-04 16:32:19:3219 [34mdebug[39m: [34m[API Request] POST /api/chat/save_message[39m
2025-07-04 16:32:19:3219 [31merror[39m: [31m[API Response Error][39m
2025-07-04 16:32:19:3219 [31merror[39m: [31mè½‰ç™¼è¨Šæ¯åˆ°å¾Œç«¯æ™‚å‡ºéŒ¯: Request failed with status code 500[39m
2025-07-04 16:32:19:3219 [31merror[39m: [31mè™•ç† Kafka è¨Šæ¯æ™‚å‡ºéŒ¯: Request failed with status code 500[39m
2025-07-04 16:32:19:3219 [31merror[39m: [31mè™•ç†èŠå¤©è¨Šæ¯æ™‚å‡ºéŒ¯: Request failed with status code 500[39m
2025-07-04 16:32:19:3219 [31merror[39m: [31mè™•ç†æ¶ˆæ¯æ™‚å‡ºéŒ¯ (topic: chat-messages, partition: 0): Request failed with status code 500[39m
2025-07-04 16:32:50:3250 [32minfo[39m: [32mè™•ç†è¨Šæ¯: {"topic":"chat-messages","value":{"roomId":"8975c2ba-33f2-4b4a-a581-2659acc4cf05","senderId":"2953e47b-b651-4395-89b0-ec5f4eef2c76","sort":3,"content":"fffffffffffffffffffffffffffff","timestamp":"2025-07-04T08:32:50.084Z","receivedAt":"2025-07-04T08:32:50.086Z"},"timestamp":"1751617970086","headers":{}}[39m
2025-07-04 16:32:50:3250 [34mdebug[39m: [34m[API Request] POST /api/chat/save_message[39m
2025-07-04 16:33:00:330 [31merror[39m: [31m[API No Response] timeout of 10000ms exceeded[39m
2025-07-04 16:33:00:330 [31merror[39m: [31mè½‰ç™¼è¨Šæ¯åˆ°å¾Œç«¯æ™‚å‡ºéŒ¯: timeout of 10000ms exceeded[39m
2025-07-04 16:33:00:330 [31merror[39m: [31mè™•ç† Kafka è¨Šæ¯æ™‚å‡ºéŒ¯: timeout of 10000ms exceeded[39m
2025-07-04 16:33:00:330 [31merror[39m: [31mè™•ç†èŠå¤©è¨Šæ¯æ™‚å‡ºéŒ¯: timeout of 10000ms exceeded[39m
2025-07-04 16:33:00:330 [31merror[39m: [31mè™•ç†æ¶ˆæ¯æ™‚å‡ºéŒ¯ (topic: chat-messages, partition: 0): timeout of 10000ms exceeded[39m
2025-07-04 16:49:06:496 [32minfo[39m: [32må·²è¨»å†Šè™•ç†å™¨ (topic: chat-messages)[39m
2025-07-04 16:49:06:496 [32minfo[39m: [32mChatMessageJob å·²åˆå§‹åŒ–[39m
2025-07-04 16:49:06:496 [32minfo[39m: [32mKafka æ¶ˆè²»è€…å·²é€£æ¥[39m
2025-07-04 16:49:06:496 [32minfo[39m: [32må·²è¨‚é–±ä¸»é¡Œ: chat-messages[39m
2025-07-04 16:49:16:4916 [32minfo[39m: [32mChatMessageJob å·²å•Ÿå‹•ï¼Œæ­£åœ¨ç›£è½ä¸»é¡Œ: chat-messages[39m
2025-07-04 16:49:16:4916 [32minfo[39m: [32mèŠå¤©è¨Šæ¯è™•ç†æœå‹™å·²å•Ÿå‹•[39m
2025-07-04 16:50:04:504 [32minfo[39m: [32mè™•ç†è¨Šæ¯: {"topic":"chat-messages","value":{"roomId":"8975c2ba-33f2-4b4a-a581-2659acc4cf05","senderId":"2953e47b-b651-4395-89b0-ec5f4eef2c76","sort":1,"content":"hhhhhhhhhhh","timestamp":"2025-07-04T08:50:04.738Z","receivedAt":"2025-07-04T08:50:04.741Z"},"timestamp":"1751619004757","headers":{}}[39m
2025-07-04 16:50:04:504 [34mdebug[39m: [34m[API Request] POST /api/chat/save_message[39m
2025-07-04 16:50:14:5014 [31merror[39m: [31m[API No Response] timeout of 10000ms exceeded[39m
2025-07-04 16:50:14:5014 [31merror[39m: [31mè½‰ç™¼è¨Šæ¯åˆ°å¾Œç«¯æ™‚å‡ºéŒ¯: timeout of 10000ms exceeded[39m
2025-07-04 16:50:14:5014 [31merror[39m: [31mè™•ç† Kafka è¨Šæ¯æ™‚å‡ºéŒ¯: timeout of 10000ms exceeded[39m
2025-07-04 16:50:14:5014 [31merror[39m: [31mè™•ç†èŠå¤©è¨Šæ¯æ™‚å‡ºéŒ¯: timeout of 10000ms exceeded[39m
2025-07-04 16:50:14:5014 [31merror[39m: [31mè™•ç†æ¶ˆæ¯æ™‚å‡ºéŒ¯ (topic: chat-messages, partition: 0): timeout of 10000ms exceeded[39m
2025-07-04 16:56:05:565 [32minfo[39m: [32må·²è¨»å†Šè™•ç†å™¨ (topic: chat-messages)[39m
2025-07-04 16:56:05:565 [32minfo[39m: [32mChatMessageJob å·²åˆå§‹åŒ–[39m
2025-07-04 16:56:05:565 [32minfo[39m: [32mKafka æ¶ˆè²»è€…å·²é€£æ¥[39m
2025-07-04 16:56:05:565 [32minfo[39m: [32må·²è¨‚é–±ä¸»é¡Œ: chat-messages[39m
2025-07-04 16:56:20:5620 [32minfo[39m: [32mChatMessageJob å·²å•Ÿå‹•ï¼Œæ­£åœ¨ç›£è½ä¸»é¡Œ: chat-messages[39m
2025-07-04 16:56:20:5620 [32minfo[39m: [32mèŠå¤©è¨Šæ¯è™•ç†æœå‹™å·²å•Ÿå‹•[39m
2025-07-04 16:56:37:5637 [32minfo[39m: [32mè™•ç†è¨Šæ¯: {"topic":"chat-messages","value":{"roomId":"8975c2ba-33f2-4b4a-a581-2659acc4cf05","senderId":"2953e47b-b651-4395-89b0-ec5f4eef2c76","sort":2,"content":"fffffff","timestamp":"2025-07-04T08:56:37.086Z","receivedAt":"2025-07-04T08:56:37.088Z"},"timestamp":"1751619397098","headers":{}}[39m
2025-07-04 16:56:37:5637 [34mdebug[39m: [34m[API Request] POST /api/chat/save_message[39m
2025-07-04 16:56:47:5647 [31merror[39m: [31m[API No Response] timeout of 10000ms exceeded[39m
2025-07-04 16:56:47:5647 [31merror[39m: [31mè½‰ç™¼è¨Šæ¯åˆ°å¾Œç«¯æ™‚å‡ºéŒ¯: timeout of 10000ms exceeded[39m
2025-07-04 16:56:47:5647 [31merror[39m: [31mè™•ç† Kafka è¨Šæ¯æ™‚å‡ºéŒ¯: timeout of 10000ms exceeded[39m
2025-07-04 16:56:47:5647 [31merror[39m: [31mè™•ç†èŠå¤©è¨Šæ¯æ™‚å‡ºéŒ¯: timeout of 10000ms exceeded[39m
2025-07-04 16:56:47:5647 [31merror[39m: [31mè™•ç†æ¶ˆæ¯æ™‚å‡ºéŒ¯ (topic: chat-messages, partition: 0): timeout of 10000ms exceeded[39m
2025-07-04 16:58:44:5844 [32minfo[39m: [32mè™•ç†è¨Šæ¯: {"topic":"chat-messages","value":{"roomId":"8975c2ba-33f2-4b4a-a581-2659acc4cf05","senderId":"2953e47b-b651-4395-89b0-ec5f4eef2c76","sort":3,"content":"fffffffffffffffffffffsssss","timestamp":"2025-07-04T08:58:44.284Z","receivedAt":"2025-07-04T08:58:44.287Z"},"timestamp":"1751619524288","headers":{}}[39m
2025-07-04 16:58:44:5844 [34mdebug[39m: [34m[API Request] POST /api/chat/save_message[39m
2025-07-04 16:58:53:5853 [31merror[39m: [31m[API Response Error][39m
2025-07-04 16:58:53:5853 [31merror[39m: [31mè½‰ç™¼è¨Šæ¯åˆ°å¾Œç«¯æ™‚å‡ºéŒ¯: Request failed with status code 500[39m
2025-07-04 16:58:53:5853 [31merror[39m: [31mè™•ç† Kafka è¨Šæ¯æ™‚å‡ºéŒ¯: Request failed with status code 500[39m
2025-07-04 16:58:53:5853 [31merror[39m: [31mè™•ç†èŠå¤©è¨Šæ¯æ™‚å‡ºéŒ¯: Request failed with status code 500[39m
2025-07-04 16:58:53:5853 [31merror[39m: [31mè™•ç†æ¶ˆæ¯æ™‚å‡ºéŒ¯ (topic: chat-messages, partition: 0): Request failed with status code 500[39m
2025-07-04 16:59:46:5946 [32minfo[39m: [32mè™•ç†è¨Šæ¯: {"topic":"chat-messages","value":{"roomId":"8975c2ba-33f2-4b4a-a581-2659acc4cf05","senderId":"2953e47b-b651-4395-89b0-ec5f4eef2c76","sort":4,"content":"fieowifja;ldskjfpoweifhopiadsfasdfj oasin oisadjfaldkn voiajfoaisefa'e","timestamp":"2025-07-04T08:59:46.404Z","receivedAt":"2025-07-04T08:59:46.406Z"},"timestamp":"1751619586406","headers":{}}[39m
2025-07-04 16:59:46:5946 [34mdebug[39m: [34m[API Request] POST /api/chat/save_message[39m
2025-07-04 16:59:56:5956 [31merror[39m: [31m[API No Response] timeout of 10000ms exceeded[39m
2025-07-04 16:59:56:5956 [31merror[39m: [31mè½‰ç™¼è¨Šæ¯åˆ°å¾Œç«¯æ™‚å‡ºéŒ¯: timeout of 10000ms exceeded[39m
2025-07-04 16:59:56:5956 [31merror[39m: [31mè™•ç† Kafka è¨Šæ¯æ™‚å‡ºéŒ¯: timeout of 10000ms exceeded[39m
2025-07-04 16:59:56:5956 [31merror[39m: [31mè™•ç†èŠå¤©è¨Šæ¯æ™‚å‡ºéŒ¯: timeout of 10000ms exceeded[39m
2025-07-04 16:59:56:5956 [31merror[39m: [31mè™•ç†æ¶ˆæ¯æ™‚å‡ºéŒ¯ (topic: chat-messages, partition: 0): timeout of 10000ms exceeded[39m
2025-07-04 17:12:59:1259 [32minfo[39m: [32mè™•ç†è¨Šæ¯: {"topic":"chat-messages","value":{"roomId":"8975c2ba-33f2-4b4a-a581-2659acc4cf05","senderId":"2953e47b-b651-4395-89b0-ec5f4eef2c76","sort":1,"content":"fffffffffffffffffffffffff","timestamp":"2025-07-04T09:12:59.305Z","receivedAt":"2025-07-04T09:12:59.307Z"},"timestamp":"1751620379317","headers":{}}[39m
2025-07-04 17:12:59:1259 [34mdebug[39m: [34m[API Request] POST /api/chat/save_message[39m
2025-07-04 17:13:09:139 [31merror[39m: [31m[API No Response] timeout of 10000ms exceeded[39m
2025-07-04 17:13:09:139 [31merror[39m: [31mè½‰ç™¼è¨Šæ¯åˆ°å¾Œç«¯æ™‚å‡ºéŒ¯: timeout of 10000ms exceeded[39m
2025-07-04 17:13:09:139 [31merror[39m: [31mè™•ç† Kafka è¨Šæ¯æ™‚å‡ºéŒ¯: timeout of 10000ms exceeded[39m
2025-07-04 17:13:09:139 [31merror[39m: [31mè™•ç†èŠå¤©è¨Šæ¯æ™‚å‡ºéŒ¯: timeout of 10000ms exceeded[39m
2025-07-04 17:13:09:139 [31merror[39m: [31mè™•ç†æ¶ˆæ¯æ™‚å‡ºéŒ¯ (topic: chat-messages, partition: 0): timeout of 10000ms exceeded[39m
2025-07-04 17:37:52:3752 [32minfo[39m: [32mè™•ç†è¨Šæ¯: {"topic":"chat-messages","value":{"roomId":"8975c2ba-33f2-4b4a-a581-2659acc4cf05","senderId":"2953e47b-b651-4395-89b0-ec5f4eef2c76","sort":6,"content":"ffffffffff","timestamp":"2025-07-04T09:37:51.993Z","receivedAt":"2025-07-04T09:37:51.994Z"},"timestamp":"1751621872014","headers":{}}[39m
2025-07-04 17:37:52:3752 [34mdebug[39m: [34m[API Request] POST /api/chat/save_message[39m
2025-07-04 17:38:02:382 [31merror[39m: [31m[API No Response] timeout of 10000ms exceeded[39m
2025-07-04 17:38:02:382 [31merror[39m: [31mè½‰ç™¼è¨Šæ¯åˆ°å¾Œç«¯æ™‚å‡ºéŒ¯: timeout of 10000ms exceeded[39m
2025-07-04 17:38:02:382 [31merror[39m: [31mè™•ç† Kafka è¨Šæ¯æ™‚å‡ºéŒ¯: timeout of 10000ms exceeded[39m
2025-07-04 17:38:02:382 [31merror[39m: [31mè™•ç†èŠå¤©è¨Šæ¯æ™‚å‡ºéŒ¯: timeout of 10000ms exceeded[39m
2025-07-04 17:38:02:382 [31merror[39m: [31mè™•ç†æ¶ˆæ¯æ™‚å‡ºéŒ¯ (topic: chat-messages, partition: 0): timeout of 10000ms exceeded[39m
2025-07-04 17:38:39:3839 [32minfo[39m: [32mè™•ç†è¨Šæ¯: {"topic":"chat-messages","value":{"roomId":"8975c2ba-33f2-4b4a-a581-2659acc4cf05","senderId":"2953e47b-b651-4395-89b0-ec5f4eef2c76","sort":6,"content":"jrtyjrtyjrtyjfghdjtyjty","timestamp":"2025-07-04T09:38:39.590Z","receivedAt":"2025-07-04T09:38:39.592Z"},"timestamp":"1751621919592","headers":{}}[39m
2025-07-04 17:38:39:3839 [34mdebug[39m: [34m[API Request] POST /api/chat/save_message[39m
2025-07-04 17:38:49:3849 [31merror[39m: [31m[API No Response] timeout of 10000ms exceeded[39m
2025-07-04 17:38:49:3849 [31merror[39m: [31mè½‰ç™¼è¨Šæ¯åˆ°å¾Œç«¯æ™‚å‡ºéŒ¯: timeout of 10000ms exceeded[39m
2025-07-04 17:38:49:3849 [31merror[39m: [31mè™•ç† Kafka è¨Šæ¯æ™‚å‡ºéŒ¯: timeout of 10000ms exceeded[39m
2025-07-04 17:38:49:3849 [31merror[39m: [31mè™•ç†èŠå¤©è¨Šæ¯æ™‚å‡ºéŒ¯: timeout of 10000ms exceeded[39m
2025-07-04 17:38:49:3849 [31merror[39m: [31mè™•ç†æ¶ˆæ¯æ™‚å‡ºéŒ¯ (topic: chat-messages, partition: 0): timeout of 10000ms exceeded[39m
2025-07-04 17:43:17:4317 [32minfo[39m: [32mè™•ç†è¨Šæ¯: {"topic":"chat-messages","value":{"roomId":"","senderId":"2953e47b-b651-4395-89b0-ec5f4eef2c76","sort":1,"content":"fffffffffffffawefafsadgwegaqe","timestamp":"2025-07-04T09:43:17.622Z","receivedAt":"2025-07-04T09:43:17.631Z"},"timestamp":"1751622197633","headers":{}}[39m
2025-07-04 17:43:17:4317 [34mdebug[39m: [34m[API Request] POST /api/chat/save_message[39m
2025-07-04 17:43:27:4327 [31merror[39m: [31m[API No Response] timeout of 10000ms exceeded[39m
2025-07-04 17:43:27:4327 [31merror[39m: [31mè½‰ç™¼è¨Šæ¯åˆ°å¾Œç«¯æ™‚å‡ºéŒ¯: timeout of 10000ms exceeded[39m
2025-07-04 17:43:27:4327 [31merror[39m: [31mè™•ç† Kafka è¨Šæ¯æ™‚å‡ºéŒ¯: timeout of 10000ms exceeded[39m
2025-07-04 17:43:27:4327 [31merror[39m: [31mè™•ç†èŠå¤©è¨Šæ¯æ™‚å‡ºéŒ¯: timeout of 10000ms exceeded[39m
2025-07-04 17:43:27:4327 [31merror[39m: [31mè™•ç†æ¶ˆæ¯æ™‚å‡ºéŒ¯ (topic: chat-messages, partition: 0): timeout of 10000ms exceeded[39m
2025-07-04 17:44:26:4426 [32minfo[39m: [32mè™•ç†è¨Šæ¯: {"topic":"chat-messages","value":{"roomId":"8975c2ba-33f2-4b4a-a581-2659acc4cf05","senderId":"2953e47b-b651-4395-89b0-ec5f4eef2c76","sort":6,"content":"tyjteeyertytrejdfggjfgdjfg","timestamp":"2025-07-04T09:44:26.116Z","receivedAt":"2025-07-04T09:44:26.120Z"},"timestamp":"1751622266120","headers":{}}[39m
2025-07-04 17:44:26:4426 [34mdebug[39m: [34m[API Request] POST /api/chat/save_message[39m
2025-07-04 17:44:36:4436 [31merror[39m: [31m[API No Response] timeout of 10000ms exceeded[39m
2025-07-04 17:44:36:4436 [31merror[39m: [31mè½‰ç™¼è¨Šæ¯åˆ°å¾Œç«¯æ™‚å‡ºéŒ¯: timeout of 10000ms exceeded[39m
2025-07-04 17:44:36:4436 [31merror[39m: [31mè™•ç† Kafka è¨Šæ¯æ™‚å‡ºéŒ¯: timeout of 10000ms exceeded[39m
2025-07-04 17:44:36:4436 [31merror[39m: [31mè™•ç†èŠå¤©è¨Šæ¯æ™‚å‡ºéŒ¯: timeout of 10000ms exceeded[39m
2025-07-04 17:44:36:4436 [31merror[39m: [31mè™•ç†æ¶ˆæ¯æ™‚å‡ºéŒ¯ (topic: chat-messages, partition: 0): timeout of 10000ms exceeded[39m
2025-07-04 17:52:34:5234 [32minfo[39m: [32mè™•ç†è¨Šæ¯: {"topic":"chat-messages","value":{"roomId":"8975c2ba-33f2-4b4a-a581-2659acc4cf05","senderId":"2953e47b-b651-4395-89b0-ec5f4eef2c76","sort":6,"content":"qtewretertsdfbsregsdhs sdfh srthtrj fjgjsrtj s k,v j krukjd tkjtug","timestamp":"2025-07-04T09:52:34.240Z","receivedAt":"2025-07-04T09:52:34.244Z"},"timestamp":"1751622754246","headers":{}}[39m
2025-07-04 17:52:34:5234 [34mdebug[39m: [34m[API Request] POST /api/chat/save_message[39m
2025-07-04 17:52:42:5242 [34mdebug[39m: [34m[API Response] 200 /api/chat/save_message[39m
2025-07-04 17:52:42:5242 [32minfo[39m: [32mæˆåŠŸè½‰ç™¼è¨Šæ¯åˆ°å¾Œç«¯: {"success":true,"statusCode":200,"message":"æˆåŠŸ","timestamp":"2025-07-04T09:52:42.940Z"}[39m
2025-07-04 17:52:42:5242 [32minfo[39m: [32mèŠå¤©è¨Šæ¯è™•ç†å®Œæˆ (offset: 18)[39m
2025-07-04 17:58:56:5856 [32minfo[39m: [32mè™•ç†è¨Šæ¯: {"topic":"chat-messages","value":{"roomId":"8975c2ba-33f2-4b4a-a581-2659acc4cf05","senderId":"2953e47b-b651-4395-89b0-ec5f4eef2c76","sort":6,"content":"fefaefsaddddddfsdfsfe","timestamp":"2025-07-04T09:58:56.289Z","receivedAt":"2025-07-04T09:58:56.292Z"},"timestamp":"1751623136296","headers":{}}[39m
2025-07-04 17:58:56:5856 [34mdebug[39m: [34m[API Request] POST /api/chat/save_message[39m
2025-07-04 17:59:02:592 [34mdebug[39m: [34m[API Response] 200 /api/chat/save_message[39m
2025-07-04 17:59:02:592 [32minfo[39m: [32mæˆåŠŸè½‰ç™¼è¨Šæ¯åˆ°å¾Œç«¯: {"success":true,"statusCode":200,"message":"æˆåŠŸ","timestamp":"2025-07-04T09:59:02.699Z"}[39m
2025-07-04 17:59:02:592 [32minfo[39m: [32mèŠå¤©è¨Šæ¯è™•ç†å®Œæˆ (offset: 19)[39m
