2025-07-04 16:07:57:757 [31merror[39m: [31m[API Response Error][39m
2025-07-04 16:07:57:757 [31merror[39m: [31mè½‰ç™¼è¨Šæ¯åˆ°å¾Œç«¯æ™‚å‡ºéŒ¯: Request failed with status code 404[39m
2025-07-04 16:07:57:757 [31merror[39m: [31mè™•ç† Kafka è¨Šæ¯æ™‚å‡ºéŒ¯: Request failed with status code 404[39m
2025-07-04 16:07:57:757 [31merror[39m: [31mè™•ç†èŠå¤©è¨Šæ¯æ™‚å‡ºéŒ¯: Request failed with status code 404[39m
2025-07-04 16:07:57:757 [31merror[39m: [31mè™•ç†æ¶ˆæ¯æ™‚å‡ºéŒ¯ (topic: chat-messages, partition: 0): Request failed with status code 404[39m
2025-07-04 16:10:03:103 [31merror[39m: [31m[API Response Error][39m
2025-07-04 16:10:03:103 [31merror[39m: [31mè½‰ç™¼è¨Šæ¯åˆ°å¾Œç«¯æ™‚å‡ºéŒ¯: Request failed with status code 404[39m
2025-07-04 16:10:03:103 [31merror[39m: [31mè™•ç† Kafka è¨Šæ¯æ™‚å‡ºéŒ¯: Request failed with status code 404[39m
2025-07-04 16:10:03:103 [31merror[39m: [31mè™•ç†èŠå¤©è¨Šæ¯æ™‚å‡ºéŒ¯: Request failed with status code 404[39m
2025-07-04 16:10:03:103 [31merror[39m: [31mè™•ç†æ¶ˆæ¯æ™‚å‡ºéŒ¯ (topic: chat-messages, partition: 0): Request failed with status code 404[39m
2025-07-04 16:30:39:3039 [31merror[39m: [31m[API Response Error][39m
2025-07-04 16:30:39:3039 [31merror[39m: [31mè½‰ç™¼è¨Šæ¯åˆ°å¾Œç«¯æ™‚å‡ºéŒ¯: Request failed with status code 500[39m
2025-07-04 16:30:39:3039 [31merror[39m: [31mè™•ç† Kafka è¨Šæ¯æ™‚å‡ºéŒ¯: Request failed with status code 500[39m
2025-07-04 16:30:40:3040 [31merror[39m: [31mè™•ç†èŠå¤©è¨Šæ¯æ™‚å‡ºéŒ¯: Request failed with status code 500[39m
2025-07-04 16:30:40:3040 [31merror[39m: [31mè™•ç†æ¶ˆæ¯æ™‚å‡ºéŒ¯ (topic: chat-messages, partition: 0): Request failed with status code 500[39m
2025-07-04 16:32:19:3219 [31merror[39m: [31m[API Response Error][39m
2025-07-04 16:32:19:3219 [31merror[39m: [31mè½‰ç™¼è¨Šæ¯åˆ°å¾Œç«¯æ™‚å‡ºéŒ¯: Request failed with status code 500[39m
2025-07-04 16:32:19:3219 [31merror[39m: [31mè™•ç† Kafka è¨Šæ¯æ™‚å‡ºéŒ¯: Request failed with status code 500[39m
2025-07-04 16:32:19:3219 [31merror[39m: [31mè™•ç†èŠå¤©è¨Šæ¯æ™‚å‡ºéŒ¯: Request failed with status code 500[39m
2025-07-04 16:32:19:3219 [31merror[39m: [31mè™•ç†æ¶ˆæ¯æ™‚å‡ºéŒ¯ (topic: chat-messages, partition: 0): Request failed with status code 500[39m
2025-07-04 16:33:00:330 [31merror[39m: [31m[API No Response] timeout of 10000ms exceeded[39m
2025-07-04 16:33:00:330 [31merror[39m: [31mè½‰ç™¼è¨Šæ¯åˆ°å¾Œç«¯æ™‚å‡ºéŒ¯: timeout of 10000ms exceeded[39m
2025-07-04 16:33:00:330 [31merror[39m: [31mè™•ç† Kafka è¨Šæ¯æ™‚å‡ºéŒ¯: timeout of 10000ms exceeded[39m
2025-07-04 16:33:00:330 [31merror[39m: [31mè™•ç†èŠå¤©è¨Šæ¯æ™‚å‡ºéŒ¯: timeout of 10000ms exceeded[39m
2025-07-04 16:33:00:330 [31merror[39m: [31mè™•ç†æ¶ˆæ¯æ™‚å‡ºéŒ¯ (topic: chat-messages, partition: 0): timeout of 10000ms exceeded[39m
2025-07-04 16:50:14:5014 [31merror[39m: [31m[API No Response] timeout of 10000ms exceeded[39m
2025-07-04 16:50:14:5014 [31merror[39m: [31mè½‰ç™¼è¨Šæ¯åˆ°å¾Œç«¯æ™‚å‡ºéŒ¯: timeout of 10000ms exceeded[39m
2025-07-04 16:50:14:5014 [31merror[39m: [31mè™•ç† Kafka è¨Šæ¯æ™‚å‡ºéŒ¯: timeout of 10000ms exceeded[39m
2025-07-04 16:50:14:5014 [31merror[39m: [31mè™•ç†èŠå¤©è¨Šæ¯æ™‚å‡ºéŒ¯: timeout of 10000ms exceeded[39m
2025-07-04 16:50:14:5014 [31merror[39m: [31mè™•ç†æ¶ˆæ¯æ™‚å‡ºéŒ¯ (topic: chat-messages, partition: 0): timeout of 10000ms exceeded[39m
2025-07-04 16:56:47:5647 [31merror[39m: [31m[API No Response] timeout of 10000ms exceeded[39m
2025-07-04 16:56:47:5647 [31merror[39m: [31mè½‰ç™¼è¨Šæ¯åˆ°å¾Œç«¯æ™‚å‡ºéŒ¯: timeout of 10000ms exceeded[39m
2025-07-04 16:56:47:5647 [31merror[39m: [31mè™•ç† Kafka è¨Šæ¯æ™‚å‡ºéŒ¯: timeout of 10000ms exceeded[39m
2025-07-04 16:56:47:5647 [31merror[39m: [31mè™•ç†èŠå¤©è¨Šæ¯æ™‚å‡ºéŒ¯: timeout of 10000ms exceeded[39m
2025-07-04 16:56:47:5647 [31merror[39m: [31mè™•ç†æ¶ˆæ¯æ™‚å‡ºéŒ¯ (topic: chat-messages, partition: 0): timeout of 10000ms exceeded[39m
2025-07-04 16:58:53:5853 [31merror[39m: [31m[API Response Error][39m
2025-07-04 16:58:53:5853 [31merror[39m: [31mè½‰ç™¼è¨Šæ¯åˆ°å¾Œç«¯æ™‚å‡ºéŒ¯: Request failed with status code 500[39m
2025-07-04 16:58:53:5853 [31merror[39m: [31mè™•ç† Kafka è¨Šæ¯æ™‚å‡ºéŒ¯: Request failed with status code 500[39m
2025-07-04 16:58:53:5853 [31merror[39m: [31mè™•ç†èŠå¤©è¨Šæ¯æ™‚å‡ºéŒ¯: Request failed with status code 500[39m
2025-07-04 16:58:53:5853 [31merror[39m: [31mè™•ç†æ¶ˆæ¯æ™‚å‡ºéŒ¯ (topic: chat-messages, partition: 0): Request failed with status code 500[39m
2025-07-04 16:59:56:5956 [31merror[39m: [31m[API No Response] timeout of 10000ms exceeded[39m
2025-07-04 16:59:56:5956 [31merror[39m: [31mè½‰ç™¼è¨Šæ¯åˆ°å¾Œç«¯æ™‚å‡ºéŒ¯: timeout of 10000ms exceeded[39m
2025-07-04 16:59:56:5956 [31merror[39m: [31mè™•ç† Kafka è¨Šæ¯æ™‚å‡ºéŒ¯: timeout of 10000ms exceeded[39m
2025-07-04 16:59:56:5956 [31merror[39m: [31mè™•ç†èŠå¤©è¨Šæ¯æ™‚å‡ºéŒ¯: timeout of 10000ms exceeded[39m
2025-07-04 16:59:56:5956 [31merror[39m: [31mè™•ç†æ¶ˆæ¯æ™‚å‡ºéŒ¯ (topic: chat-messages, partition: 0): timeout of 10000ms exceeded[39m
2025-07-04 17:13:09:139 [31merror[39m: [31m[API No Response] timeout of 10000ms exceeded[39m
2025-07-04 17:13:09:139 [31merror[39m: [31mè½‰ç™¼è¨Šæ¯åˆ°å¾Œç«¯æ™‚å‡ºéŒ¯: timeout of 10000ms exceeded[39m
2025-07-04 17:13:09:139 [31merror[39m: [31mè™•ç† Kafka è¨Šæ¯æ™‚å‡ºéŒ¯: timeout of 10000ms exceeded[39m
2025-07-04 17:13:09:139 [31merror[39m: [31mè™•ç†èŠå¤©è¨Šæ¯æ™‚å‡ºéŒ¯: timeout of 10000ms exceeded[39m
2025-07-04 17:13:09:139 [31merror[39m: [31mè™•ç†æ¶ˆæ¯æ™‚å‡ºéŒ¯ (topic: chat-messages, partition: 0): timeout of 10000ms exceeded[39m
2025-07-04 17:38:02:382 [31merror[39m: [31m[API No Response] timeout of 10000ms exceeded[39m
2025-07-04 17:38:02:382 [31merror[39m: [31mè½‰ç™¼è¨Šæ¯åˆ°å¾Œç«¯æ™‚å‡ºéŒ¯: timeout of 10000ms exceeded[39m
2025-07-04 17:38:02:382 [31merror[39m: [31mè™•ç† Kafka è¨Šæ¯æ™‚å‡ºéŒ¯: timeout of 10000ms exceeded[39m
2025-07-04 17:38:02:382 [31merror[39m: [31mè™•ç†èŠå¤©è¨Šæ¯æ™‚å‡ºéŒ¯: timeout of 10000ms exceeded[39m
2025-07-04 17:38:02:382 [31merror[39m: [31mè™•ç†æ¶ˆæ¯æ™‚å‡ºéŒ¯ (topic: chat-messages, partition: 0): timeout of 10000ms exceeded[39m
2025-07-04 17:38:49:3849 [31merror[39m: [31m[API No Response] timeout of 10000ms exceeded[39m
2025-07-04 17:38:49:3849 [31merror[39m: [31mè½‰ç™¼è¨Šæ¯åˆ°å¾Œç«¯æ™‚å‡ºéŒ¯: timeout of 10000ms exceeded[39m
2025-07-04 17:38:49:3849 [31merror[39m: [31mè™•ç† Kafka è¨Šæ¯æ™‚å‡ºéŒ¯: timeout of 10000ms exceeded[39m
2025-07-04 17:38:49:3849 [31merror[39m: [31mè™•ç†èŠå¤©è¨Šæ¯æ™‚å‡ºéŒ¯: timeout of 10000ms exceeded[39m
2025-07-04 17:38:49:3849 [31merror[39m: [31mè™•ç†æ¶ˆæ¯æ™‚å‡ºéŒ¯ (topic: chat-messages, partition: 0): timeout of 10000ms exceeded[39m
2025-07-04 17:43:27:4327 [31merror[39m: [31m[API No Response] timeout of 10000ms exceeded[39m
2025-07-04 17:43:27:4327 [31merror[39m: [31mè½‰ç™¼è¨Šæ¯åˆ°å¾Œç«¯æ™‚å‡ºéŒ¯: timeout of 10000ms exceeded[39m
2025-07-04 17:43:27:4327 [31merror[39m: [31mè™•ç† Kafka è¨Šæ¯æ™‚å‡ºéŒ¯: timeout of 10000ms exceeded[39m
2025-07-04 17:43:27:4327 [31merror[39m: [31mè™•ç†èŠå¤©è¨Šæ¯æ™‚å‡ºéŒ¯: timeout of 10000ms exceeded[39m
2025-07-04 17:43:27:4327 [31merror[39m: [31mè™•ç†æ¶ˆæ¯æ™‚å‡ºéŒ¯ (topic: chat-messages, partition: 0): timeout of 10000ms exceeded[39m
2025-07-04 17:44:36:4436 [31merror[39m: [31m[API No Response] timeout of 10000ms exceeded[39m
2025-07-04 17:44:36:4436 [31merror[39m: [31mè½‰ç™¼è¨Šæ¯åˆ°å¾Œç«¯æ™‚å‡ºéŒ¯: timeout of 10000ms exceeded[39m
2025-07-04 17:44:36:4436 [31merror[39m: [31mè™•ç† Kafka è¨Šæ¯æ™‚å‡ºéŒ¯: timeout of 10000ms exceeded[39m
2025-07-04 17:44:36:4436 [31merror[39m: [31mè™•ç†èŠå¤©è¨Šæ¯æ™‚å‡ºéŒ¯: timeout of 10000ms exceeded[39m
2025-07-04 17:44:36:4436 [31merror[39m: [31mè™•ç†æ¶ˆæ¯æ™‚å‡ºéŒ¯ (topic: chat-messages, partition: 0): timeout of 10000ms exceeded[39m
