2025-07-04 15:36:42:3642 [32minfo[39m: [32mServer is running on port 3000[39m
2025-07-04 15:36:42:3642 [32minfo[39m: [32mEnvironment: development[39m
2025-07-04 16:05:00:50 [32minfo[39m: [32mNew connection: Sku6JUReaem8b3EOAAAC[39m
2025-07-04 16:05:04:54 [32minfo[39m: [32mç”¨æˆ¶ Sku6JUReaem8b3EOAAAC åŠ å…¥äº†æˆ¿é–“ 8975c2ba-33f2-4b4a-a581-2659acc4cf05[39m
2025-07-04 16:05:04:54 [32minfo[39m: [32mUser 2953e47b-b651-4395-89b0-ec5f4eef2c76 logged in with socket Sku6JUReaem8b3EOAAAC[39m
2025-07-04 16:05:13:513 [32minfo[39m: [32mæ”¶åˆ°ä¾†è‡ªæˆ¿é–“ 8975c2ba-33f2-4b4a-a581-2659acc4cf05 çš„è¨Šæ¯: fffffffffffffff[39m
2025-07-04 16:06:27:627 [32minfo[39m: [32mServer is running on port 3000[39m
2025-07-04 16:06:27:627 [32minfo[39m: [32mEnvironment: development[39m
2025-07-04 16:06:27:627 [32minfo[39m: [32mNew connection: lZSWWMYbOqQiF3LJAAAB[39m
2025-07-04 16:06:51:651 [32minfo[39m: [32mServer is running on port 3000[39m
2025-07-04 16:06:51:651 [32minfo[39m: [32mEnvironment: development[39m
2025-07-04 16:06:52:652 [32minfo[39m: [32mNew connection: Hyqdl3oeLvli0K--AAAB[39m
2025-07-04 16:07:45:745 [32minfo[39m: [32mUser disconnected: Hyqdl3oeLvli0K--AAAB[39m
2025-07-04 16:07:46:746 [32minfo[39m: [32mNew connection: 1_ERgdbPGY_v4QRpAAAD[39m
2025-07-04 16:07:53:753 [32minfo[39m: [32mç”¨æˆ¶ 1_ERgdbPGY_v4QRpAAAD åŠ å…¥äº†æˆ¿é–“ 8975c2ba-33f2-4b4a-a581-2659acc4cf05[39m
2025-07-04 16:07:53:753 [32minfo[39m: [32mUser 2953e47b-b651-4395-89b0-ec5f4eef2c76 logged in with socket 1_ERgdbPGY_v4QRpAAAD[39m
2025-07-04 16:07:56:756 [32minfo[39m: [32mæ”¶åˆ°ä¾†è‡ªæˆ¿é–“ 8975c2ba-33f2-4b4a-a581-2659acc4cf05 çš„è¨Šæ¯: fffffffffffffffffffffffff[39m
2025-07-04 16:07:57:757 [35mhttp[39m: [35mPOST /api/chat/messages 404 - 4ms[39m
2025-07-04 16:09:41:941 [32minfo[39m: [32mUser disconnected: 1_ERgdbPGY_v4QRpAAAD[39m
2025-07-04 16:09:43:943 [32minfo[39m: [32mNew connection: Hg0AReVGoF6l43HQAAAF[39m
2025-07-04 16:09:46:946 [32minfo[39m: [32mç”¨æˆ¶ Hg0AReVGoF6l43HQAAAF åŠ å…¥äº†æˆ¿é–“ 8975c2ba-33f2-4b4a-a581-2659acc4cf05[39m
2025-07-04 16:09:46:946 [32minfo[39m: [32mUser 2953e47b-b651-4395-89b0-ec5f4eef2c76 logged in with socket Hg0AReVGoF6l43HQAAAF[39m
2025-07-04 16:09:51:951 [32minfo[39m: [32mæ”¶åˆ°ä¾†è‡ªæˆ¿é–“ 8975c2ba-33f2-4b4a-a581-2659acc4cf05 çš„è¨Šæ¯: sssssssssssssssssssssssssssssss[39m
2025-07-04 16:10:03:103 [35mhttp[39m: [35mPOST /api/chat/save_message 404 - 1ms[39m
2025-07-04 16:19:53:1953 [32minfo[39m: [32mUser disconnected: Hg0AReVGoF6l43HQAAAF[39m
2025-07-04 16:19:54:1954 [32minfo[39m: [32mNew connection: tCX0JUotyrQpQkNlAAAH[39m
2025-07-04 16:20:08:208 [32minfo[39m: [32mæ”¶åˆ°ä¾†è‡ªæˆ¿é–“  çš„è¨Šæ¯: gggggggggggg[39m
2025-07-04 16:20:58:2058 [32minfo[39m: [32mç”¨æˆ¶ tCX0JUotyrQpQkNlAAAH åŠ å…¥äº†æˆ¿é–“ 8975c2ba-33f2-4b4a-a581-2659acc4cf05[39m
2025-07-04 16:20:58:2058 [32minfo[39m: [32mUser 2953e47b-b651-4395-89b0-ec5f4eef2c76 logged in with socket tCX0JUotyrQpQkNlAAAH[39m
2025-07-04 16:21:02:212 [32minfo[39m: [32mæ”¶åˆ°ä¾†è‡ªæˆ¿é–“ 8975c2ba-33f2-4b4a-a581-2659acc4cf05 çš„è¨Šæ¯: ffffffffffffffffffff[39m
2025-07-04 16:30:01:301 [32minfo[39m: [32mUser disconnected: tCX0JUotyrQpQkNlAAAH[39m
2025-07-04 16:30:03:303 [32minfo[39m: [32mNew connection: esnY7Vt6hjAeEhuuAAAJ[39m
2025-07-04 16:30:21:3021 [32minfo[39m: [32mUser disconnected: esnY7Vt6hjAeEhuuAAAJ[39m
2025-07-04 16:30:22:3022 [32minfo[39m: [32mNew connection: rc_WgeRT_zRW0hrfAAAL[39m
2025-07-04 16:30:25:3025 [32minfo[39m: [32mç”¨æˆ¶ rc_WgeRT_zRW0hrfAAAL åŠ å…¥äº†æˆ¿é–“ 8975c2ba-33f2-4b4a-a581-2659acc4cf05[39m
2025-07-04 16:30:25:3025 [32minfo[39m: [32mUser 2953e47b-b651-4395-89b0-ec5f4eef2c76 logged in with socket rc_WgeRT_zRW0hrfAAAL[39m
2025-07-04 16:30:39:3039 [32minfo[39m: [32mæ”¶åˆ°ä¾†è‡ªæˆ¿é–“ 8975c2ba-33f2-4b4a-a581-2659acc4cf05 çš„è¨Šæ¯: gggggggggggggggggggggggg[39m
2025-07-04 16:32:19:3219 [32minfo[39m: [32mæ”¶åˆ°ä¾†è‡ªæˆ¿é–“ 8975c2ba-33f2-4b4a-a581-2659acc4cf05 çš„è¨Šæ¯: jjjjjjjjjjjjjjjjjjjjjjjjjjj[39m
2025-07-04 16:32:50:3250 [32minfo[39m: [32mæ”¶åˆ°ä¾†è‡ªæˆ¿é–“ 8975c2ba-33f2-4b4a-a581-2659acc4cf05 çš„è¨Šæ¯: fffffffffffffffffffffffffffff[39m
2025-07-04 16:49:54:4954 [32minfo[39m: [32mUser disconnected: rc_WgeRT_zRW0hrfAAAL[39m
2025-07-04 16:49:56:4956 [32minfo[39m: [32mNew connection: t2F-dsI6STsgInmuAAAN[39m
2025-07-04 16:50:00:500 [32minfo[39m: [32mç”¨æˆ¶ t2F-dsI6STsgInmuAAAN åŠ å…¥äº†æˆ¿é–“ 8975c2ba-33f2-4b4a-a581-2659acc4cf05[39m
2025-07-04 16:50:00:500 [32minfo[39m: [32mUser 2953e47b-b651-4395-89b0-ec5f4eef2c76 logged in with socket t2F-dsI6STsgInmuAAAN[39m
2025-07-04 16:50:04:504 [32minfo[39m: [32mæ”¶åˆ°ä¾†è‡ªæˆ¿é–“ 8975c2ba-33f2-4b4a-a581-2659acc4cf05 çš„è¨Šæ¯: hhhhhhhhhhh[39m
2025-07-04 16:56:37:5637 [32minfo[39m: [32mæ”¶åˆ°ä¾†è‡ªæˆ¿é–“ 8975c2ba-33f2-4b4a-a581-2659acc4cf05 çš„è¨Šæ¯: fffffff[39m
2025-07-04 16:58:44:5844 [32minfo[39m: [32mæ”¶åˆ°ä¾†è‡ªæˆ¿é–“ 8975c2ba-33f2-4b4a-a581-2659acc4cf05 çš„è¨Šæ¯: fffffffffffffffffffffsssss[39m
2025-07-04 16:59:46:5946 [32minfo[39m: [32mæ”¶åˆ°ä¾†è‡ªæˆ¿é–“ 8975c2ba-33f2-4b4a-a581-2659acc4cf05 çš„è¨Šæ¯: fieowifja;ldskjfpoweifhopiadsfasdfj oasin oisadjfaldkn voiajfoaisefa'e[39m
2025-07-04 17:12:27:1227 [32minfo[39m: [32mUser disconnected: t2F-dsI6STsgInmuAAAN[39m
2025-07-04 17:12:29:1229 [32minfo[39m: [32mNew connection: WdXzLIYfYcBBdSKCAAAP[39m
2025-07-04 17:12:39:1239 [32minfo[39m: [32mUser disconnected: WdXzLIYfYcBBdSKCAAAP[39m
2025-07-04 17:12:41:1241 [32minfo[39m: [32mNew connection: SNocttxWWq5qpiOMAAAS[39m
2025-07-04 17:12:55:1255 [32minfo[39m: [32mç”¨æˆ¶ SNocttxWWq5qpiOMAAAS åŠ å…¥äº†æˆ¿é–“ 8975c2ba-33f2-4b4a-a581-2659acc4cf05[39m
2025-07-04 17:12:55:1255 [32minfo[39m: [32mUser 2953e47b-b651-4395-89b0-ec5f4eef2c76 logged in with socket SNocttxWWq5qpiOMAAAS[39m
2025-07-04 17:12:59:1259 [32minfo[39m: [32mæ”¶åˆ°ä¾†è‡ªæˆ¿é–“ 8975c2ba-33f2-4b4a-a581-2659acc4cf05 çš„è¨Šæ¯: fffffffffffffffffffffffff[39m
2025-07-04 17:36:51:3651 [32minfo[39m: [32mUser disconnected: SNocttxWWq5qpiOMAAAS[39m
2025-07-04 17:37:40:3740 [32minfo[39m: [32mNew connection: yVF2WQOyYvuANP4JAAAU[39m
2025-07-04 17:37:42:3742 [32minfo[39m: [32mUser disconnected: yVF2WQOyYvuANP4JAAAU[39m
2025-07-04 17:37:45:3745 [32minfo[39m: [32mNew connection: x6lLs9r2GPdCKTKGAAAW[39m
2025-07-04 17:37:47:3747 [32minfo[39m: [32mç”¨æˆ¶ x6lLs9r2GPdCKTKGAAAW åŠ å…¥äº†æˆ¿é–“ 8975c2ba-33f2-4b4a-a581-2659acc4cf05[39m
2025-07-04 17:37:47:3747 [32minfo[39m: [32mUser 2953e47b-b651-4395-89b0-ec5f4eef2c76 logged in with socket x6lLs9r2GPdCKTKGAAAW[39m
2025-07-04 17:37:51:3751 [32minfo[39m: [32mæ”¶åˆ°ä¾†è‡ªæˆ¿é–“ 8975c2ba-33f2-4b4a-a581-2659acc4cf05 çš„è¨Šæ¯: ffffffffff[39m
2025-07-04 17:38:32:3832 [32minfo[39m: [32mUser disconnected: x6lLs9r2GPdCKTKGAAAW[39m
2025-07-04 17:38:33:3833 [32minfo[39m: [32mNew connection: OkgikNovQ9qvkCqtAAAY[39m
2025-07-04 17:38:36:3836 [32minfo[39m: [32mç”¨æˆ¶ OkgikNovQ9qvkCqtAAAY åŠ å…¥äº†æˆ¿é–“ 8975c2ba-33f2-4b4a-a581-2659acc4cf05[39m
2025-07-04 17:38:36:3836 [32minfo[39m: [32mUser 2953e47b-b651-4395-89b0-ec5f4eef2c76 logged in with socket OkgikNovQ9qvkCqtAAAY[39m
2025-07-04 17:38:39:3839 [32minfo[39m: [32mæ”¶åˆ°ä¾†è‡ªæˆ¿é–“ 8975c2ba-33f2-4b4a-a581-2659acc4cf05 çš„è¨Šæ¯: jrtyjrtyjrtyjfghdjtyjty[39m
2025-07-04 17:43:11:4311 [32minfo[39m: [32mUser disconnected: OkgikNovQ9qvkCqtAAAY[39m
2025-07-04 17:43:12:4312 [32minfo[39m: [32mNew connection: brXGoUdKzZZ8eF00AAAa[39m
2025-07-04 17:43:17:4317 [32minfo[39m: [32mæ”¶åˆ°ä¾†è‡ªæˆ¿é–“  çš„è¨Šæ¯: fffffffffffffawefafsadgwegaqe[39m
2025-07-04 17:44:18:4418 [32minfo[39m: [32mUser disconnected: brXGoUdKzZZ8eF00AAAa[39m
2025-07-04 17:44:20:4420 [32minfo[39m: [32mNew connection: vqdyS9hoGyrj3NCDAAAc[39m
2025-07-04 17:44:22:4422 [32minfo[39m: [32mç”¨æˆ¶ vqdyS9hoGyrj3NCDAAAc åŠ å…¥äº†æˆ¿é–“ 8975c2ba-33f2-4b4a-a581-2659acc4cf05[39m
2025-07-04 17:44:22:4422 [32minfo[39m: [32mUser 2953e47b-b651-4395-89b0-ec5f4eef2c76 logged in with socket vqdyS9hoGyrj3NCDAAAc[39m
2025-07-04 17:44:26:4426 [32minfo[39m: [32mæ”¶åˆ°ä¾†è‡ªæˆ¿é–“ 8975c2ba-33f2-4b4a-a581-2659acc4cf05 çš„è¨Šæ¯: tyjteeyertytrejdfggjfgdjfg[39m
2025-07-04 17:52:22:5222 [32minfo[39m: [32mUser disconnected: vqdyS9hoGyrj3NCDAAAc[39m
2025-07-04 17:52:23:5223 [32minfo[39m: [32mNew connection: 6qBge_7bp5q1lr6RAAAe[39m
2025-07-04 17:52:26:5226 [32minfo[39m: [32mç”¨æˆ¶ 6qBge_7bp5q1lr6RAAAe åŠ å…¥äº†æˆ¿é–“ 8975c2ba-33f2-4b4a-a581-2659acc4cf05[39m
2025-07-04 17:52:26:5226 [32minfo[39m: [32mUser 2953e47b-b651-4395-89b0-ec5f4eef2c76 logged in with socket 6qBge_7bp5q1lr6RAAAe[39m
2025-07-04 17:52:34:5234 [32minfo[39m: [32mæ”¶åˆ°ä¾†è‡ªæˆ¿é–“ 8975c2ba-33f2-4b4a-a581-2659acc4cf05 çš„è¨Šæ¯: qtewretertsdfbsregsdhs sdfh srthtrj fjgjsrtj s k,v j krukjd tkjtug[39m
2025-07-04 17:58:47:5847 [32minfo[39m: [32mUser disconnected: 6qBge_7bp5q1lr6RAAAe[39m
2025-07-04 17:58:49:5849 [32minfo[39m: [32mNew connection: HM6jCIq-YgE3k35jAAAg[39m
2025-07-04 17:58:51:5851 [32minfo[39m: [32mç”¨æˆ¶ HM6jCIq-YgE3k35jAAAg åŠ å…¥äº†æˆ¿é–“ 8975c2ba-33f2-4b4a-a581-2659acc4cf05[39m
2025-07-04 17:58:51:5851 [32minfo[39m: [32mUser 2953e47b-b651-4395-89b0-ec5f4eef2c76 logged in with socket HM6jCIq-YgE3k35jAAAg[39m
2025-07-04 17:58:56:5856 [32minfo[39m: [32mæ”¶åˆ°ä¾†è‡ªæˆ¿é–“ 8975c2ba-33f2-4b4a-a581-2659acc4cf05 çš„è¨Šæ¯: fefaefsaddddddfsdfsfe[39m
2025-07-04 17:59:35:5935 [32minfo[39m: [32mUser disconnected: HM6jCIq-YgE3k35jAAAg[39m
2025-07-04 17:59:36:5936 [32minfo[39m: [32mNew connection: YaeKYbcK8iju10cFAAAi[39m
2025-07-04 17:59:38:5938 [32minfo[39m: [32mç”¨æˆ¶ YaeKYbcK8iju10cFAAAi åŠ å…¥äº†æˆ¿é–“ 8975c2ba-33f2-4b4a-a581-2659acc4cf05[39m
2025-07-04 17:59:38:5938 [32minfo[39m: [32mUser 2953e47b-b651-4395-89b0-ec5f4eef2c76 logged in with socket YaeKYbcK8iju10cFAAAi[39m
